\BOOKMARK [1][-]{section.1.1}{Introduction}{}% 1
\BOOKMARK [2][-]{subsection.1.1.1}{Description/About}{section.1.1}% 2
\BOOKMARK [2][-]{subsection.1.1.2}{Features}{section.1.1}% 3
\BOOKMARK [2][-]{subsection.1.1.3}{Prerequisites}{section.1.1}% 4
\BOOKMARK [2][-]{subsection.1.1.4}{Getting started}{section.1.1}% 5
\BOOKMARK [1][-]{section.1.2}{Design}{}% 6
\BOOKMARK [2][-]{subsection.1.2.1}{Description/About}{section.1.2}% 7
\BOOKMARK [2][-]{subsection.1.2.2}{Requirements}{section.1.2}% 8
\BOOKMARK [2][-]{subsection.1.2.3}{Solution}{section.1.2}% 9
\BOOKMARK [1][-]{section.1.3}{Implementation}{}% 10
\BOOKMARK [2][-]{subsection.1.3.1}{Project structure}{section.1.3}% 11
\BOOKMARK [2][-]{subsection.1.3.2}{Important sections of the code}{section.1.3}% 12
\BOOKMARK [2][-]{subsection.1.3.3}{Runtime flow structure}{section.1.3}% 13
\BOOKMARK [2][-]{subsection.1.3.4}{Limitations}{section.1.3}% 14
\BOOKMARK [1][-]{section.1.4}{Usage}{}% 15
\BOOKMARK [2][-]{subsection.1.4.1}{Execution details}{section.1.4}% 16
\BOOKMARK [2][-]{subsection.1.4.2}{Examples}{section.1.4}% 17
\BOOKMARK [1][-]{section.1.5}{Acknowledgments / Sources}{}% 18
\BOOKMARK [2][-]{subsection.1.5.1}{Theoretical understanding}{section.1.5}% 19
\BOOKMARK [2][-]{subsection.1.5.2}{Used libraries}{section.1.5}% 20
\BOOKMARK [2][-]{subsection.1.5.3}{External source code}{section.1.5}% 21
